2019-10-17 22:13:20,541 INFO  [log] {
	"hello": "world"
}
2019-10-17 22:39:53,311 INFO  [log] {
	"hello": "world"
}
2019-10-17 22:42:14,808 INFO  [log] {
	"hello": "world"
}
2019-10-17 22:55:06,574 INFO  [log] {
	"hello": "world"
}
2019-10-17 22:59:40,994 INFO  [log] {
	"hello": "world"
}
2019-10-17 23:14:57,804 INFO  [log] {
	"hello": "world"
}
2019-10-17 23:14:59,385 INFO  [log]     Instance    intA    intB    Assertion
2019-10-17 23:14:59,400 INFO  [log]     TC_1    5    5    10
2019-10-17 23:14:59,401 INFO  [log]     TC_2    6    6    12
2019-10-17 23:14:59,401 INFO  [log]     TC_3    7    7    14
2019-10-17 23:14:59,408 INFO  [log]     TC_4    8    8    17
2019-10-17 23:14:59,408 INFO  [log]     TC_5    9    9    18
2019-10-17 23:24:04,246 INFO  [log]     Instance    intA    intB    Assertion
2019-10-17 23:24:04,508 INFO  [log]     TC_1    5    5    10
2019-10-17 23:24:04,508 INFO  [log]     TC_2    6    6    12
2019-10-17 23:24:04,508 INFO  [log]     TC_3    7    7    14
2019-10-17 23:24:04,535 INFO  [log]     TC_4    8    8    17
2019-10-17 23:24:04,535 INFO  [log]     TC_5    9    9    18
2019-10-17 23:24:13,643 INFO  [log] {
	"hello": "world"
}
