23:29:25.690 request:
1 > GET https://reqres.in/api/users/3
1 > Accept-Encoding: gzip,deflate
1 > Connection: Keep-Alive
1 > Host: reqres.in
1 > User-Agent: Apache-HttpClient/4.5.5 (Java/1.8.0_201)

23:29:28.444 response time in milliseconds: 2723.12
1 < 200
1 < Access-Control-Allow-Origin: *
1 < Age: 1787
1 < CF-Cache-Status: HIT
1 < CF-RAY: 52742a9e3b00ced8-IAD
1 < Cache-Control: public, max-age=14400
1 < Connection: keep-alive
1 < Content-Type: application/json; charset=utf-8
1 < Date: Thu, 17 Oct 2019 17:59:27 GMT
1 < Etag: W/"a5-YtUhMQeiVyAJI9FGsVEf99fz6Xw"
1 < Expect-CT: max-age=604800, report-uri="https://report-uri.cloudflare.com/cdn-cgi/beacon/expect-ct"
1 < Expires: Thu, 17 Oct 2019 21:59:27 GMT
1 < Server: cloudflare
1 < Set-Cookie: __cfduid=de465dec6efc075f10bd0f38ac6c432d21571335167; expires=Fri, 16-Oct-20 17:59:27 GMT; path=/; domain=.reqres.in; HttpOnly; Secure
1 < Transfer-Encoding: chunked
1 < Vary: Accept-Encoding
1 < Via: 1.1 vegur
1 < X-Powered-By: Express
{"data":{"id":3,"email":"emma.wong@reqres.in","first_name":"Emma","last_name":"Wong","avatar":"https://s3.amazonaws.com/uifaces/faces/twitter/olegpogodaev/128.jpg"}}

