[INFO] Scanning for projects...
[WARNING] 
[WARNING] Some problems were encountered while building the effective model for ajdemo:restassured-cucumber:jar:0.0.1-SNAPSHOT
[WARNING] 'dependencies.dependency.version' for io.rest-assured:rest-assured:jar is either LATEST or RELEASE (both of them are being deprecated) @ line 22, column 13
[WARNING] 'dependencies.dependency.version' for io.rest-assured:json-path:jar is either LATEST or RELEASE (both of them are being deprecated) @ line 29, column 13
[WARNING] 'dependencies.dependency.version' for io.rest-assured:xml-path:jar is either LATEST or RELEASE (both of them are being deprecated) @ line 35, column 13
[WARNING] 'dependencies.dependency.version' for junit:junit-dep:jar is either LATEST or RELEASE (both of them are being deprecated) @ line 41, column 13
[WARNING] 'dependencies.dependency.version' for info.cukes:cucumber-java8:jar is either LATEST or RELEASE (both of them are being deprecated) @ line 48, column 13
[WARNING] 'dependencies.dependency.version' for info.cukes:cucumber-junit:jar is either LATEST or RELEASE (both of them are being deprecated) @ line 55, column 13
[WARNING] 'dependencies.dependency.version' for info.cukes:cucumber-picocontainer:jar is either LATEST or RELEASE (both of them are being deprecated) @ line 62, column 13
[WARNING] 
[WARNING] It is highly recommended to fix these problems because they threaten the stability of your build.
[WARNING] 
[WARNING] For this reason, future Maven versions might no longer support building such malformed projects.
[WARNING] 
[INFO] 
[INFO] --------------------< ajdemo:restassured-cucumber >---------------------
[INFO] Building restassured 0.0.1-SNAPSHOT
[INFO] --------------------------------[ jar ]---------------------------------
[WARNING] The artifact junit:junit-dep:jar:4.11 has been relocated to junit:junit:jar:4.11
[INFO] 
[INFO] --- maven-resources-plugin:2.6:resources (default-resources) @ restassured-cucumber ---
[INFO] Using 'UTF-8' encoding to copy filtered resources.
[INFO] skip non existing resourceDirectory C:\tools\Jenkins\workspace\Automation\TestRunner\restassured\src\main\resources
[INFO] 
[INFO] --- maven-compiler-plugin:3.1:compile (default-compile) @ restassured-cucumber ---
[INFO] No sources to compile
[INFO] 
[INFO] --- maven-resources-plugin:2.6:testResources (default-testResources) @ restassured-cucumber ---
[INFO] Using 'UTF-8' encoding to copy filtered resources.
[INFO] skip non existing resourceDirectory C:\tools\Jenkins\workspace\Automation\TestRunner\restassured\src\test\resources
[INFO] 
[INFO] --- maven-compiler-plugin:3.1:testCompile (default-testCompile) @ restassured-cucumber ---
[INFO] Changes detected - recompiling the module!
[INFO] Compiling 3 source files to C:\tools\Jenkins\workspace\Automation\TestRunner\restassured\target\test-classes
[INFO] 
[INFO] --- maven-surefire-plugin:2.12.4:test (default-test) @ restassured-cucumber ---
[INFO] Surefire report directory: C:\tools\Jenkins\workspace\Automation\TestRunner\restassured\target\surefire-reports

-------------------------------------------------------
 T E S T S
-------------------------------------------------------
Running options.CucumberTests
Feature: Get book by ISBN
{
    "kind": "books#volumes",
    "totalItems": 1,
    "items": [
        {
            "kind": "books#volume",
            "id": "8U2oAAAAQBAJ",
            "etag": "bcY92LOaxyQ",
            "selfLink": "https://www.googleapis.com/books/v1/volumes/8U2oAAAAQBAJ",
            "volumeInfo": {
                "title": "Steve Jobs",
                "authors": [
                    "Walter Isaacson"
                ],
                "publisher": "Simon and Schuster",
                "publishedDate": "2011",
                "description": "Draws on more than forty interviews with Steve Jobs, as well as interviews with family members, friends, competitors, and colleagues to offer a look at the co-founder and leading creative force behind the Apple computer company.",
                "industryIdentifiers": [
                    {
                        "type": "ISBN_13",
                        "identifier": "9781451648546"
                    },
                    {
                        "type": "ISBN_10",
                        "identifier": "1451648545"
                    }
                ],
                "readingModes": {
                    "text": false,
                    "image": false
                },
                "pageCount": 630,
                "printType": "BOOK",
                "categories": [
                    "Biography & Autobiography"
                ],
                "averageRating": 4.0,
                "ratingsCount": 3895,
                "maturityRating": "NOT_MATURE",
                "allowAnonLogging": false,
                "contentVersion": "0.3.0.0.preview.0",
                "imageLinks": {
                    "smallThumbnail": "http://books.google.com/books/content?id=8U2oAAAAQBAJ&printsec=frontcover&img=1&zoom=5&edge=curl&source=gbs_api",
                    "thumbnail": "http://books.google.com/books/content?id=8U2oAAAAQBAJ&printsec=frontcover&img=1&zoom=1&edge=curl&source=gbs_api"
                },
                "language": "en",
                "previewLink": "http://books.google.com/books?id=8U2oAAAAQBAJ&printsec=frontcover&dq=isbn:9781451648546&hl=&cd=1&source=gbs_api",
                "infoLink": "http://books.google.com/books?id=8U2oAAAAQBAJ&dq=isbn:9781451648546&hl=&source=gbs_api",
                "canonicalVolumeLink": "https://books.google.com/books/about/Steve_Jobs.html?hl=&id=8U2oAAAAQBAJ"
            },
            "saleInfo": {
                "country": "US",
                "saleability": "NOT_FOR_SALE",
                "isEbook": false
            },
            "accessInfo": {
                "country": "US",
                "viewability": "PARTIAL",
                "embeddable": true,
                "publicDomain": false,
                "textToSpeechPermission": "ALLOWED_FOR_ACCESSIBILITY",
                "epub": {
                    "isAvailable": false
                },
                "pdf": {
                    "isAvailable": false
                },
                "webReaderLink": "http://play.google.com/books/reader?id=8U2oAAAAQBAJ&hl=&printsec=frontcover&source=gbs_api",
                "accessViewStatus": "SAMPLE",
                "quoteSharingAllowed": false
            },
            "searchInfo": {
                "textSnippet": "Draws on more than forty interviews with Steve Jobs, as well as interviews with family members, friends, competitors, and colleagues to offer a look at the co-founder and leading creative force behind the Apple computer company."
            }
        }
    ]
}
response: {
    "kind": "books#volumes",
    "totalItems": 1,
    "items": [
        {
            "kind": "books#volume",
            "id": "8U2oAAAAQBAJ",
            "etag": "bcY92LOaxyQ",
            "selfLink": "https://www.googleapis.com/books/v1/volumes/8U2oAAAAQBAJ",
            "volumeInfo": {
                "title": "Steve Jobs",
                "authors": [
                    "Walter Isaacson"
                ],
                "publisher": "Simon and Schuster",
                "publishedDate": "2011",
                "description": "Draws on more than forty interviews with Steve Jobs, as well as interviews with family members, friends, competitors, and colleagues to offer a look at the co-founder and leading creative force behind the Apple computer company.",
                "industryIdentifiers": [
                    {
                        "type": "ISBN_13",
                        "identifier": "9781451648546"
                    },
                    {
                        "type": "ISBN_10",
                        "identifier": "1451648545"
                    }
                ],
                "readingModes": {
                    "text": false,
                    "image": false
                },
                "pageCount": 630,
                "printType": "BOOK",
                "categories": [
                    "Biography & Autobiography"
                ],
                "averageRating": 4.0,
                "ratingsCount": 3895,
                "maturityRating": "NOT_MATURE",
                "allowAnonLogging": false,
                "contentVersion": "0.3.0.0.preview.0",
                "imageLinks": {
                    "smallThumbnail": "http://books.google.com/books/content?id=8U2oAAAAQBAJ&printsec=frontcover&img=1&zoom=5&edge=curl&source=gbs_api",
                    "thumbnail": "http://books.google.com/books/content?id=8U2oAAAAQBAJ&printsec=frontcover&img=1&zoom=1&edge=curl&source=gbs_api"
                },
                "language": "en",
                "previewLink": "http://books.google.com/books?id=8U2oAAAAQBAJ&printsec=frontcover&dq=isbn:9781451648546&hl=&cd=1&source=gbs_api",
                "infoLink": "http://books.google.com/books?id=8U2oAAAAQBAJ&dq=isbn:9781451648546&hl=&source=gbs_api",
                "canonicalVolumeLink": "https://books.google.com/books/about/Steve_Jobs.html?hl=&id=8U2oAAAAQBAJ"
            },
            "saleInfo": {
                "country": "US",
                "saleability": "NOT_FOR_SALE",
                "isEbook": false
            },
            "accessInfo": {
                "country": "US",
                "viewability": "PARTIAL",
                "embeddable": true,
                "publicDomain": false,
                "textToSpeechPermission": "ALLOWED_FOR_ACCESSIBILITY",
                "epub": {
                    "isAvailable": false
                },
                "pdf": {
                    "isAvailable": false
                },
                "webReaderLink": "http://play.google.com/books/reader?id=8U2oAAAAQBAJ&hl=&printsec=frontcover&source=gbs_api",
                "accessViewStatus": "SAMPLE",
                "quoteSharingAllowed": false
            },
            "searchInfo": {
                "textSnippet": "Draws on more than forty interviews with Steve Jobs, as well as interviews with family members, friends, competitors, and colleagues to offer a look at the co-founder and leading creative force behind the Apple computer company."
            }
        }
    ]
}

  Scenario: User calls web service to get a book by its ISBN # GetBookByISBN.feature:2
    Given a book exists with an isbn of 9781451648546        # BookStepDefinitions.a_book_exists_with_isbn(String)
    When a user retrieves the book by isbn                   # BookStepDefinitions.a_user_retrieves_the_book_by_isbn()
    Then the status code is 200                              # BookStepDefinitions.verify_status_code(int)
    And response includes the following                      # BookStepDefinitions.response_equals(String,String>)
    And response includes the following in any order         # BookStepDefinitions.response_contains_in_any_order(String,String>)

1 Scenarios (1 passed)
5 Steps (5 passed)
0m21.680s

Tests run: 6, Failures: 0, Errors: 0, Skipped: 0, Time elapsed: 25.35 sec

Results :

Tests run: 6, Failures: 0, Errors: 0, Skipped: 0

[INFO] ------------------------------------------------------------------------
[INFO] BUILD SUCCESS
[INFO] ------------------------------------------------------------------------
[INFO] Total time:  51.359 s
[INFO] Finished at: 2019-10-17T16:27:23+05:30
[INFO] ------------------------------------------------------------------------
