[INFO] Scanning for projects...
[WARNING] 
[WARNING] Some problems were encountered while building the effective model for com.cybercom.edu:soapui-maven-example:jar:1.0-SNAPSHOT
[WARNING] 'build.plugins.plugin.version' for org.apache.maven.plugins:maven-clean-plugin is missing. @ line 38, column 21
[WARNING] 
[WARNING] It is highly recommended to fix these problems because they threaten the stability of your build.
[WARNING] 
[WARNING] For this reason, future Maven versions might no longer support building such malformed projects.
[WARNING] 
[INFO] 
[INFO] ---------------< com.cybercom.edu:soapui-maven-example >----------------
[INFO] Building SoapUI Maven example 1.0-SNAPSHOT
[INFO] --------------------------------[ jar ]---------------------------------
[INFO] 
[INFO] --- maven-clean-plugin:2.5:clean (default-clean) @ soapui-maven-example ---
[INFO] Deleting C:\tools\Jenkins\workspace\Automation\TestRunner\SoapUI (includes = [*.log], excludes = [])
[INFO] 
[INFO] --- maven-resources-plugin:2.6:resources (default-resources) @ soapui-maven-example ---
[WARNING] Using platform encoding (Cp1252 actually) to copy filtered resources, i.e. build is platform dependent!
[INFO] skip non existing resourceDirectory C:\tools\Jenkins\workspace\Automation\TestRunner\SoapUI\src\main\resources
[INFO] 
[INFO] --- maven-compiler-plugin:3.1:compile (default-compile) @ soapui-maven-example ---
[INFO] No sources to compile
[INFO] 
[INFO] --- maven-resources-plugin:2.6:testResources (default-testResources) @ soapui-maven-example ---
[WARNING] Using platform encoding (Cp1252 actually) to copy filtered resources, i.e. build is platform dependent!
[INFO] skip non existing resourceDirectory C:\tools\Jenkins\workspace\Automation\TestRunner\SoapUI\src\test\resources
[INFO] 
[INFO] --- maven-compiler-plugin:3.1:testCompile (default-testCompile) @ soapui-maven-example ---
[INFO] No sources to compile
[INFO] 
[INFO] --- maven-surefire-plugin:2.12.4:test (default-test) @ soapui-maven-example ---
[INFO] No tests to run.
[INFO] 
[INFO] --- soapui-maven-plugin:5.3.0:test (default) @ soapui-maven-example ---
SoapUI 5.3.0 Maven2 TestCase Runner
18:21:49,149 WARN  [SoapUI] Missing folder [C:\tools\Jenkins\workspace\Automation\TestRunner\ext] for external libraries
18:21:49,740 INFO  [DefaultSoapUICore] initialized soapui-settings from [C:\tools\Jenkins\workspace\Automation\TestRunner\SoapUI\soapui-settings.xml]
18:21:50,832 INFO  [PluginManager] 0 plugins loaded in 29 ms
18:21:50,832 INFO  [DefaultSoapUICore] All plugins loaded
18:21:52,067 INFO  [WsdlProject] Loaded project from [file:/C:/tools/Jenkins/workspace/Automation/TestRunner/SoapUI/soapui-maven-example.xml]
18:21:52,076 INFO  [SoapUITestCaseRunner] Setting project property [example] to [Hello World!]
18:21:52,081 INFO  [SoapUITestCaseRunner] Running SoapUI tests in project [REST Project 1]
18:21:52,082 INFO  [SoapUITestCaseRunner] Running Project [REST Project 1], runType = SEQUENTIAL
18:21:52,105 INFO  [SoapUITestCaseRunner] Running SoapUI testcase [hellocase]
18:21:52,113 INFO  [SoapUITestCaseRunner] running step [start mockservice]
18:21:52,660 INFO  [JettyMockEngine] Started mockService [restmock] on port [8088] at path [/]
18:21:52,663 INFO  [SoapUITestCaseRunner] running step [hello-request]
18:21:52,826 DEBUG [HttpClientSupport$SoapUIHttpClient] Attempt 1 to execute request
18:21:52,826 DEBUG [SoapUIMultiThreadedHttpConnectionManager$SoapUIDefaultClientConnection] Sending request: GET /hello HTTP/1.1
18:21:52,936 DEBUG [SoapUIMultiThreadedHttpConnectionManager$SoapUIDefaultClientConnection] Receiving response: HTTP/1.1 200 OK
18:21:52,940 DEBUG [HttpClientSupport$SoapUIHttpClient] Connection can be kept alive indefinitely
18:21:53,106 INFO  [log] {
	"hello": "world"
}
18:21:53,113 INFO  [SoapUITestCaseRunner] Assertion [Script Assertion] has status VALID
18:21:53,113 INFO  [SoapUITestCaseRunner] running step [stop mockservice]
18:21:53,129 INFO  [JettyMockEngine] Stopped MockService [restmock] on port [8088]
18:21:53,130 INFO  [SoapUITestCaseRunner] Finished running SoapUI testcase [hellocase], time taken: 747ms, status: FINISHED
18:21:53,134 INFO  [SoapUITestCaseRunner] Project [REST Project 1] finished with status [FINISHED] in 1046ms
[INFO] ------------------------------------------------------------------------
[INFO] BUILD SUCCESS
[INFO] ------------------------------------------------------------------------
[INFO] Total time:  7.017 s
[INFO] Finished at: 2019-10-17T18:21:53+05:30
[INFO] ------------------------------------------------------------------------
